<?xml version="1.0" encoding="UTF-8"?>
<testsuite xmlns:xsi="http://www.w3.org/2001/XMLSchema-instance" xsi:noNamespaceSchemaLocation="https://maven.apache.org/surefire/maven-surefire-plugin/xsd/surefire-test-report-3.0.xsd" version="3.0" name="com.epam.mjc.io.FileReaderTest" time="0.079" tests="3" errors="0" skipped="0" failures="0">
  <properties>
[...]
</properties>
  <testcase name="testCodeWithoutProhibitedLibraries" classname="com.epam.mjc.io.FileReaderTest" time="0.008"/>
  <testcase name="testProgramReadsDataCorrectly" classname="com.epam.mjc.io.FileReaderTest" time="0.008">
    <system-out><![CDATA[Name  heTHQ Age  18 Email  heTHQ Phone  18 
Name,
heTHQ,
Age,
18,
Email,
heTHQ,
Phone,
18,
8
]]></system-out>
  </testcase>
  <testcase name="testCodeHasStreamClosing" classname="com.epam.mjc.io.FileReaderTest" time="0.0"/>
</testsuite>